<?xml version="1.0" encoding="UTF-8"?>
<!-- Generated by org.testng.reporters.JUnitXMLReporter -->
<testsuite hostname="INFOVITY-LT-187" ignored="0" name="Parallel" tests="4" failures="0" timestamp="20 Feb 2020 09:34:16 GMT" time="296.407" errors="0">
  <testcase name="IE" time="0.019" classname="driverscript.DClass"/>
  <testcase name="Safari" time="0.019" classname="driverscript.DClass"/>
  <testcase name="Firefox" time="0.019" classname="driverscript.DClass"/>
  <testcase name="Chrome" time="290.98" classname="driverscript.DClass"/>
</testsuite> <!-- Parallel -->
