<?xml version="1.0" encoding="UTF-8"?>
<!-- Generated by org.testng.reporters.JUnitXMLReporter -->
<testsuite hostname="INFOVITY-LT-187" ignored="0" name="Parallel" tests="4" failures="0" timestamp="20 Feb 2020 10:15:09 GMT" time="287.025" errors="0">
  <testcase name="IE" time="0.022" classname="driverscript.DClass"/>
  <testcase name="Safari" time="0.022" classname="driverscript.DClass"/>
  <testcase name="Firefox" time="0.022" classname="driverscript.DClass"/>
  <testcase name="Chrome" time="273.186" classname="driverscript.DClass"/>
</testsuite> <!-- Parallel -->
